Base path: D:/Program Files/2019.1.14f1/Editor/Data
Cmd: initializeCompiler
Cmd: preprocessCompute
  insize=154853 outsize=154853 ok=0
Cmd: preprocess
  insize=1915 outsize=710 ok=1
Cmd: preprocessCompute
  insize=12703 outsize=12733 ok=1
Cmd: preprocessCompute
  insize=65736 outsize=65748 ok=1
Cmd: preprocessCompute
  insize=4617 outsize=4631 ok=1
Cmd: preprocessCompute
  insize=24243 outsize=24259 ok=1
Cmd: preprocessCompute
  insize=3049 outsize=3051 ok=1
Cmd: preprocess
  insize=2096 outsize=2250 ok=1
Cmd: preprocessCompute
  insize=14344 outsize=14344 ok=0
Cmd: preprocessCompute
  insize=28345 outsize=28420 ok=1
Cmd: preprocess
  insize=4562 outsize=1869 ok=1
Cmd: preprocessCompute
  insize=5593 outsize=5593 ok=0
Cmd: preprocessCompute
  insize=1880 outsize=1882 ok=1
Cmd: preprocessCompute
  insize=21101 outsize=21203 ok=1
